c:\users\dylan\desktop\due assignments 2020\object oriented programming\oop task 1a\oop task 1a\debug\vc142.pdb
c:\users\dylan\desktop\due assignments 2020\object oriented programming\oop task 1a\oop task 1a\debug\vc142.idb
c:\users\dylan\desktop\due assignments 2020\object oriented programming\oop task 1a\oop task 1a\debug\underground.obj
c:\users\dylan\desktop\due assignments 2020\object oriented programming\oop task 1a\oop task 1a\debug\source.obj
c:\users\dylan\desktop\due assignments 2020\object oriented programming\oop task 1a\oop task 1a\debug\snake.obj
c:\users\dylan\desktop\due assignments 2020\object oriented programming\oop task 1a\oop task 1a\debug\score.obj
c:\users\dylan\desktop\due assignments 2020\object oriented programming\oop task 1a\oop task 1a\debug\randomnumbergenerator.obj
c:\users\dylan\desktop\due assignments 2020\object oriented programming\oop task 1a\oop task 1a\debug\player.obj
c:\users\dylan\desktop\due assignments 2020\object oriented programming\oop task 1a\oop task 1a\debug\mouse.obj
c:\users\dylan\desktop\due assignments 2020\object oriented programming\oop task 1a\oop task 1a\debug\game.obj
c:\users\dylan\desktop\due assignments 2020\object oriented programming\oop task 1a\debug\oop task 1a.ilk
c:\users\dylan\desktop\due assignments 2020\object oriented programming\oop task 1a\debug\oop task 1a.exe
c:\users\dylan\desktop\due assignments 2020\object oriented programming\oop task 1a\debug\oop task 1a.pdb
c:\users\dylan\source\repos\dallion3k\oop-task-1a\oop task 1a\debug\game.obj
c:\users\dylan\source\repos\dallion3k\oop-task-1a\oop task 1a\debug\mouse.obj
c:\users\dylan\source\repos\dallion3k\oop-task-1a\oop task 1a\debug\player.obj
c:\users\dylan\source\repos\dallion3k\oop-task-1a\oop task 1a\debug\randomnumbergenerator.obj
c:\users\dylan\source\repos\dallion3k\oop-task-1a\oop task 1a\debug\score.obj
c:\users\dylan\source\repos\dallion3k\oop-task-1a\oop task 1a\debug\snake.obj
c:\users\dylan\source\repos\dallion3k\oop-task-1a\oop task 1a\debug\source.obj
c:\users\dylan\source\repos\dallion3k\oop-task-1a\oop task 1a\debug\underground.obj
c:\users\dylan\source\repos\dallion3k\oop-task-1a\oop task 1a\debug\vc142.idb
c:\users\dylan\source\repos\dallion3k\oop-task-1a\oop task 1a\debug\vc142.pdb
c:\users\dylan\source\repos\dallion3k\oop-task-1a\debug\oop task 1a.pdb
c:\users\dylan\source\repos\dallion3k\oop-task-1a\debug\oop task 1a.exe
c:\users\dylan\source\repos\dallion3k\oop-task-1a\debug\oop task 1a.ilk
c:\users\dylan\source\repos\dallion3k\oop-task-1a\oop task 1a\debug\oop task 1a.tlog\cl.command.1.tlog
c:\users\dylan\source\repos\dallion3k\oop-task-1a\oop task 1a\debug\oop task 1a.tlog\cl.read.1.tlog
c:\users\dylan\source\repos\dallion3k\oop-task-1a\oop task 1a\debug\oop task 1a.tlog\cl.write.1.tlog
c:\users\dylan\source\repos\dallion3k\oop-task-1a\oop task 1a\debug\oop task 1a.tlog\link.command.1.tlog
c:\users\dylan\source\repos\dallion3k\oop-task-1a\oop task 1a\debug\oop task 1a.tlog\link.read.1.tlog
c:\users\dylan\source\repos\dallion3k\oop-task-1a\oop task 1a\debug\oop task 1a.tlog\link.write.1.tlog
