c:\users\dylan\desktop\due assignments 2020\object oriented programming\oop task 1a\oop task 1a\x64\debug\vc142.pdb
c:\users\dylan\desktop\due assignments 2020\object oriented programming\oop task 1a\oop task 1a\x64\debug\vc142.idb
c:\users\dylan\desktop\due assignments 2020\object oriented programming\oop task 1a\oop task 1a\x64\debug\source.obj
c:\users\dylan\desktop\due assignments 2020\object oriented programming\oop task 1a\oop task 1a\x64\debug\snake.obj
c:\users\dylan\desktop\due assignments 2020\object oriented programming\oop task 1a\oop task 1a\x64\debug\randomnumbergenerator.obj
c:\users\dylan\desktop\due assignments 2020\object oriented programming\oop task 1a\oop task 1a\x64\debug\mouse.obj
c:\users\dylan\desktop\due assignments 2020\object oriented programming\oop task 1a\oop task 1a\x64\debug\game.obj
c:\users\dylan\desktop\due assignments 2020\object oriented programming\oop task 1a\oop task 1a\x64\debug\underground.obj
c:\users\dylan\desktop\due assignments 2020\object oriented programming\oop task 1a\oop task 1a\x64\debug\score.obj
c:\users\dylan\desktop\due assignments 2020\object oriented programming\oop task 1a\oop task 1a\x64\debug\player.obj
c:\users\dylan\source\repos\dallion3k\oop-task-1a\oop task 1a\x64\debug\game.obj
c:\users\dylan\source\repos\dallion3k\oop-task-1a\oop task 1a\x64\debug\mouse.obj
c:\users\dylan\source\repos\dallion3k\oop-task-1a\oop task 1a\x64\debug\player.obj
c:\users\dylan\source\repos\dallion3k\oop-task-1a\oop task 1a\x64\debug\randomnumbergenerator.obj
c:\users\dylan\source\repos\dallion3k\oop-task-1a\oop task 1a\x64\debug\score.obj
c:\users\dylan\source\repos\dallion3k\oop-task-1a\oop task 1a\x64\debug\snake.obj
c:\users\dylan\source\repos\dallion3k\oop-task-1a\oop task 1a\x64\debug\source.obj
c:\users\dylan\source\repos\dallion3k\oop-task-1a\oop task 1a\x64\debug\underground.obj
c:\users\dylan\source\repos\dallion3k\oop-task-1a\oop task 1a\x64\debug\vc142.idb
c:\users\dylan\source\repos\dallion3k\oop-task-1a\oop task 1a\x64\debug\vc142.pdb
c:\users\dylan\source\repos\dallion3k\oop-task-1a\x64\debug\oop task 1a.pdb
c:\users\dylan\source\repos\dallion3k\oop-task-1a\oop task 1a\x64\debug\oop task 1a.tlog\cl.command.1.tlog
c:\users\dylan\source\repos\dallion3k\oop-task-1a\oop task 1a\x64\debug\oop task 1a.tlog\cl.read.1.tlog
c:\users\dylan\source\repos\dallion3k\oop-task-1a\oop task 1a\x64\debug\oop task 1a.tlog\cl.write.1.tlog
c:\users\dylan\source\repos\dallion3k\oop-task-1a\oop task 1a\x64\debug\oop task 1a.tlog\link-cvtres.read.1.tlog
c:\users\dylan\source\repos\dallion3k\oop-task-1a\oop task 1a\x64\debug\oop task 1a.tlog\link-cvtres.write.1.tlog
c:\users\dylan\source\repos\dallion3k\oop-task-1a\oop task 1a\x64\debug\oop task 1a.tlog\link-rc.read.1.tlog
c:\users\dylan\source\repos\dallion3k\oop-task-1a\oop task 1a\x64\debug\oop task 1a.tlog\link-rc.write.1.tlog
c:\users\dylan\source\repos\dallion3k\oop-task-1a\oop task 1a\x64\debug\oop task 1a.tlog\link.command.1.tlog
c:\users\dylan\source\repos\dallion3k\oop-task-1a\oop task 1a\x64\debug\oop task 1a.tlog\link.read.1.tlog
c:\users\dylan\source\repos\dallion3k\oop-task-1a\oop task 1a\x64\debug\oop task 1a.tlog\link.write.1.tlog
